# JRE version: Java(TM) SE Runtime Environment (20.0.1+9) (build 20.0.1+9-29)
# Java VM: Java HotSpot(TM) 64-Bit Server VM (20.0.1+9-29, mixed mode, sharing, tiered, compressed oops, compressed class ptrs, serial gc, windows-amd64)
GC Precious Log:
 CardTable entry size: 512
 CPUs: 16 total, 16 available
 Memory: 16125M
 Large Page Support: Disabled
 NUMA Support: Disabled
 Compressed Oops: Enabled (32-bit)
 Heap Min Capacity: 256M
 Heap Initial Capacity: 256M
 Heap Max Capacity: 256M
 Pre-touch: Disabled
Heap:
 def new generation   total 78656K, used 41412K [0x00000000f0000000, 0x00000000f5550000, 0x00000000f5550000)
  eden space 69952K,  51% used [0x00000000f0000000, 0x00000000f2309820, 0x00000000f4450000)
  from space 8704K,  63% used [0x00000000f4450000, 0x00000000f49b7a58, 0x00000000f4cd0000)
  to   space 8704K,   0% used [0x00000000f4cd0000, 0x00000000f4cd0000, 0x00000000f5550000)
 tenured generation   total 174784K, used 34620K [0x00000000f5550000, 0x0000000100000000, 0x0000000100000000)
   the space 174784K,  19% used [0x00000000f5550000, 0x00000000f771f1d0, 0x00000000f771f200, 0x0000000100000000)
 Metaspace       used 81785K, committed 82624K, reserved 290816K
  class space    used 10699K, committed 11072K, reserved 159744K
GC Heap History (20 events):
Event: 10.255 GC heap before
{Heap before GC invocations=16 (full 3):
 def new generation   total 78656K, used 74959K [0x00000000f0000000, 0x00000000f5550000, 0x00000000f5550000)
  eden space 69952K, 100% used [0x00000000f0000000, 0x00000000f4450000, 0x00000000f4450000)
  from space 8704K,  57% used [0x00000000f4cd0000, 0x00000000f51b3fe8, 0x00000000f5550000)
  to   space 8704K,   0% used [0x00000000f4450000, 0x00000000f4450000, 0x00000000f4cd0000)
 tenured generation   total 174784K, used 26924K [0x00000000f5550000, 0x0000000100000000, 0x0000000100000000)
   the space 174784K,  15% used [0x00000000f5550000, 0x00000000f6f9b2a0, 0x00000000f6f9b400, 0x0000000100000000)
 Metaspace       used 55364K, committed 56064K, reserved 225280K
  class space    used 6816K, committed 7168K, reserved 159744K
}
Event: 10.267 GC heap after
{Heap after GC invocations=17 (full 3):
 def new generation   total 78656K, used 3904K [0x00000000f0000000, 0x00000000f5550000, 0x00000000f5550000)
  eden space 69952K,   0% used [0x00000000f0000000, 0x00000000f0000000, 0x00000000f4450000)
  from space 8704K,  44% used [0x00000000f4450000, 0x00000000f48200d8, 0x00000000f4cd0000)
  to   space 8704K,   0% used [0x00000000f4cd0000, 0x00000000f4cd0000, 0x00000000f5550000)
 tenured generation   total 174784K, used 29529K [0x00000000f5550000, 0x0000000100000000, 0x0000000100000000)
   the space 174784K,  16% used [0x00000000f5550000, 0x00000000f7226430, 0x00000000f7226600, 0x0000000100000000)
 Metaspace       used 55364K, committed 56064K, reserved 225280K
  class space    used 6816K, committed 7168K, reserved 159744K
}
Event: 10.802 GC heap before
{Heap before GC invocations=17 (full 3):
 def new generation   total 78656K, used 73856K [0x00000000f0000000, 0x00000000f5550000, 0x00000000f5550000)
  eden space 69952K, 100% used [0x00000000f0000000, 0x00000000f4450000, 0x00000000f4450000)
  from space 8704K,  44% used [0x00000000f4450000, 0x00000000f48200d8, 0x00000000f4cd0000)
  to   space 8704K,   0% used [0x00000000f4cd0000, 0x00000000f4cd0000, 0x00000000f5550000)
 tenured generation   total 174784K, used 29529K [0x00000000f5550000, 0x0000000100000000, 0x0000000100000000)
   the space 174784K,  16% used [0x00000000f5550000, 0x00000000f7226430, 0x00000000f7226600, 0x0000000100000000)
 Metaspace       used 57734K, committed 58368K, reserved 225280K
  class space    used 7122K, committed 7424K, reserved 159744K
}
Event: 10.813 GC heap after
{Heap after GC invocations=18 (full 3):
 def new generation   total 78656K, used 5378K [0x00000000f0000000, 0x00000000f5550000, 0x00000000f5550000)
  eden space 69952K,   0% used [0x00000000f0000000, 0x00000000f0000000, 0x00000000f4450000)
  from space 8704K,  61% used [0x00000000f4cd0000, 0x00000000f5210848, 0x00000000f5550000)
  to   space 8704K,   0% used [0x00000000f4450000, 0x00000000f4450000, 0x00000000f4cd0000)
 tenured generation   total 174784K, used 29529K [0x00000000f5550000, 0x0000000100000000, 0x0000000100000000)
   the space 174784K,  16% used [0x00000000f5550000, 0x00000000f7226430, 0x00000000f7226600, 0x0000000100000000)
 Metaspace       used 57734K, committed 58368K, reserved 225280K
  class space    used 7122K, committed 7424K, reserved 159744K
}
Event: 11.343 GC heap before
{Heap before GC invocations=18 (full 3):
 def new generation   total 78656K, used 75330K [0x00000000f0000000, 0x00000000f5550000, 0x00000000f5550000)
  eden space 69952K, 100% used [0x00000000f0000000, 0x00000000f4450000, 0x00000000f4450000)
  from space 8704K,  61% used [0x00000000f4cd0000, 0x00000000f5210848, 0x00000000f5550000)
  to   space 8704K,   0% used [0x00000000f4450000, 0x00000000f4450000, 0x00000000f4cd0000)
 tenured generation   total 174784K, used 29529K [0x00000000f5550000, 0x0000000100000000, 0x0000000100000000)
   the space 174784K,  16% used [0x00000000f5550000, 0x00000000f7226430, 0x00000000f7226600, 0x0000000100000000)
 Metaspace       used 60216K, committed 60928K, reserved 225280K
  class space    used 7526K, committed 7872K, reserved 159744K
}
Event: 11.356 GC heap after
{Heap after GC invocations=19 (full 3):
 def new generation   total 78656K, used 4395K [0x00000000f0000000, 0x00000000f5550000, 0x00000000f5550000)
  eden space 69952K,   0% used [0x00000000f0000000, 0x00000000f0000000, 0x00000000f4450000)
  from space 8704K,  50% used [0x00000000f4450000, 0x00000000f489ac70, 0x00000000f4cd0000)
  to   space 8704K,   0% used [0x00000000f4cd0000, 0x00000000f4cd0000, 0x00000000f5550000)
 tenured generation   total 174784K, used 31751K [0x00000000f5550000, 0x0000000100000000, 0x0000000100000000)
   the space 174784K,  18% used [0x00000000f5550000, 0x00000000f7451f60, 0x00000000f7452000, 0x0000000100000000)
 Metaspace       used 60216K, committed 60928K, reserved 225280K
  class space    used 7526K, committed 7872K, reserved 159744K
}
Event: 11.630 GC heap before
{Heap before GC invocations=19 (full 3):
 def new generation   total 78656K, used 38675K [0x00000000f0000000, 0x00000000f5550000, 0x00000000f5550000)
  eden space 69952K,  49% used [0x00000000f0000000, 0x00000000f217a370, 0x00000000f4450000)
  from space 8704K,  50% used [0x00000000f4450000, 0x00000000f489ac70, 0x00000000f4cd0000)
  to   space 8704K,   0% used [0x00000000f4cd0000, 0x00000000f4cd0000, 0x00000000f5550000)
 tenured generation   total 174784K, used 31751K [0x00000000f5550000, 0x0000000100000000, 0x0000000100000000)
   the space 174784K,  18% used [0x00000000f5550000, 0x00000000f7451f60, 0x00000000f7452000, 0x0000000100000000)
 Metaspace       used 61176K, committed 61824K, reserved 225280K
  class space    used 7646K, committed 7936K, reserved 159744K
}
Event: 11.713 GC heap after
{Heap after GC invocations=20 (full 4):
 def new generation   total 78656K, used 0K [0x00000000f0000000, 0x00000000f5550000, 0x00000000f5550000)
  eden space 69952K,   0% used [0x00000000f0000000, 0x00000000f0000000, 0x00000000f4450000)
  from space 8704K,   0% used [0x00000000f4450000, 0x00000000f4450000, 0x00000000f4cd0000)
  to   space 8704K,   0% used [0x00000000f4cd0000, 0x00000000f4cd0000, 0x00000000f5550000)
 tenured generation   total 174784K, used 30168K [0x00000000f5550000, 0x0000000100000000, 0x0000000100000000)
   the space 174784K,  17% used [0x00000000f5550000, 0x00000000f72c6168, 0x00000000f72c6200, 0x0000000100000000)
 Metaspace       used 61176K, committed 61824K, reserved 225280K
  class space    used 7646K, committed 7936K, reserved 159744K
}
Event: 12.276 GC heap before
{Heap before GC invocations=20 (full 4):
 def new generation   total 78656K, used 69952K [0x00000000f0000000, 0x00000000f5550000, 0x00000000f5550000)
  eden space 69952K, 100% used [0x00000000f0000000, 0x00000000f4450000, 0x00000000f4450000)
  from space 8704K,   0% used [0x00000000f4450000, 0x00000000f4450000, 0x00000000f4cd0000)
  to   space 8704K,   0% used [0x00000000f4cd0000, 0x00000000f4cd0000, 0x00000000f5550000)
 tenured generation   total 174784K, used 30168K [0x00000000f5550000, 0x0000000100000000, 0x0000000100000000)
   the space 174784K,  17% used [0x00000000f5550000, 0x00000000f72c6168, 0x00000000f72c6200, 0x0000000100000000)
 Metaspace       used 64185K, committed 64896K, reserved 225280K
  class space    used 8074K, committed 8384K, reserved 159744K
}
Event: 12.286 GC heap after
{Heap after GC invocations=21 (full 4):
 def new generation   total 78656K, used 2338K [0x00000000f0000000, 0x00000000f5550000, 0x00000000f5550000)
  eden space 69952K,   0% used [0x00000000f0000000, 0x00000000f0000000, 0x00000000f4450000)
  from space 8704K,  26% used [0x00000000f4cd0000, 0x00000000f4f18978, 0x00000000f5550000)
  to   space 8704K,   0% used [0x00000000f4450000, 0x00000000f4450000, 0x00000000f4cd0000)
 tenured generation   total 174784K, used 30168K [0x00000000f5550000, 0x0000000100000000, 0x0000000100000000)
   the space 174784K,  17% used [0x00000000f5550000, 0x00000000f72c6168, 0x00000000f72c6200, 0x0000000100000000)
 Metaspace       used 64185K, committed 64896K, reserved 225280K
  class space    used 8074K, committed 8384K, reserved 159744K
}
Event: 12.956 GC heap before
{Heap before GC invocations=21 (full 4):
 def new generation   total 78656K, used 72290K [0x00000000f0000000, 0x00000000f5550000, 0x00000000f5550000)
  eden space 69952K, 100% used [0x00000000f0000000, 0x00000000f4450000, 0x00000000f4450000)
  from space 8704K,  26% used [0x00000000f4cd0000, 0x00000000f4f18978, 0x00000000f5550000)
  to   space 8704K,   0% used [0x00000000f4450000, 0x00000000f4450000, 0x00000000f4cd0000)
 tenured generation   total 174784K, used 30168K [0x00000000f5550000, 0x0000000100000000, 0x0000000100000000)
   the space 174784K,  17% used [0x00000000f5550000, 0x00000000f72c6168, 0x00000000f72c6200, 0x0000000100000000)
 Metaspace       used 67204K, committed 68032K, reserved 225280K
  class space    used 8452K, committed 8832K, reserved 159744K
}
Event: 12.967 GC heap after
{Heap after GC invocations=22 (full 4):
 def new generation   total 78656K, used 4798K [0x00000000f0000000, 0x00000000f5550000, 0x00000000f5550000)
  eden space 69952K,   0% used [0x00000000f0000000, 0x00000000f0000000, 0x00000000f4450000)
  from space 8704K,  55% used [0x00000000f4450000, 0x00000000f48ffb18, 0x00000000f4cd0000)
  to   space 8704K,   0% used [0x00000000f4cd0000, 0x00000000f4cd0000, 0x00000000f5550000)
 tenured generation   total 174784K, used 30168K [0x00000000f5550000, 0x0000000100000000, 0x0000000100000000)
   the space 174784K,  17% used [0x00000000f5550000, 0x00000000f72c6168, 0x00000000f72c6200, 0x0000000100000000)
 Metaspace       used 67204K, committed 68032K, reserved 225280K
  class space    used 8452K, committed 8832K, reserved 159744K
}
Event: 13.702 GC heap before
{Heap before GC invocations=22 (full 4):
 def new generation   total 78656K, used 74750K [0x00000000f0000000, 0x00000000f5550000, 0x00000000f5550000)
  eden space 69952K, 100% used [0x00000000f0000000, 0x00000000f4450000, 0x00000000f4450000)
  from space 8704K,  55% used [0x00000000f4450000, 0x00000000f48ffb18, 0x00000000f4cd0000)
  to   space 8704K,   0% used [0x00000000f4cd0000, 0x00000000f4cd0000, 0x00000000f5550000)
 tenured generation   total 174784K, used 30168K [0x00000000f5550000, 0x0000000100000000, 0x0000000100000000)
   the space 174784K,  17% used [0x00000000f5550000, 0x00000000f72c6168, 0x00000000f72c6200, 0x0000000100000000)
 Metaspace       used 69539K, committed 70336K, reserved 225280K
  class space    used 8796K, committed 9152K, reserved 159744K
}
Event: 13.719 GC heap after
{Heap after GC invocations=23 (full 4):
 def new generation   total 78656K, used 4059K [0x00000000f0000000, 0x00000000f5550000, 0x00000000f5550000)
  eden space 69952K,   0% used [0x00000000f0000000, 0x00000000f0000000, 0x00000000f4450000)
  from space 8704K,  46% used [0x00000000f4cd0000, 0x00000000f50c6d90, 0x00000000f5550000)
  to   space 8704K,   0% used [0x00000000f4450000, 0x00000000f4450000, 0x00000000f4cd0000)
 tenured generation   total 174784K, used 32288K [0x00000000f5550000, 0x0000000100000000, 0x0000000100000000)
   the space 174784K,  18% used [0x00000000f5550000, 0x00000000f74d8268, 0x00000000f74d8400, 0x0000000100000000)
 Metaspace       used 69539K, committed 70336K, reserved 225280K
  class space    used 8796K, committed 9152K, reserved 159744K
}
Event: 14.258 GC heap before
{Heap before GC invocations=23 (full 4):
 def new generation   total 78656K, used 74011K [0x00000000f0000000, 0x00000000f5550000, 0x00000000f5550000)
  eden space 69952K, 100% used [0x00000000f0000000, 0x00000000f4450000, 0x00000000f4450000)
  from space 8704K,  46% used [0x00000000f4cd0000, 0x00000000f50c6d90, 0x00000000f5550000)
  to   space 8704K,   0% used [0x00000000f4450000, 0x00000000f4450000, 0x00000000f4cd0000)
 tenured generation   total 174784K, used 32288K [0x00000000f5550000, 0x0000000100000000, 0x0000000100000000)
   the space 174784K,  18% used [0x00000000f5550000, 0x00000000f74d8268, 0x00000000f74d8400, 0x0000000100000000)
 Metaspace       used 73296K, committed 74048K, reserved 225280K
  class space    used 9503K, committed 9856K, reserved 159744K
}
Event: 14.278 GC heap after
{Heap after GC invocations=24 (full 4):
 def new generation   total 78656K, used 5308K [0x00000000f0000000, 0x00000000f5550000, 0x00000000f5550000)
  eden space 69952K,   0% used [0x00000000f0000000, 0x00000000f0000000, 0x00000000f4450000)
  from space 8704K,  60% used [0x00000000f4450000, 0x00000000f497f0d8, 0x00000000f4cd0000)
  to   space 8704K,   0% used [0x00000000f4cd0000, 0x00000000f4cd0000, 0x00000000f5550000)
 tenured generation   total 174784K, used 32288K [0x00000000f5550000, 0x0000000100000000, 0x0000000100000000)
   the space 174784K,  18% used [0x00000000f5550000, 0x00000000f74d8268, 0x00000000f74d8400, 0x0000000100000000)
 Metaspace       used 73296K, committed 74048K, reserved 225280K
  class space    used 9503K, committed 9856K, reserved 159744K
}
Event: 14.684 GC heap before
{Heap before GC invocations=24 (full 4):
 def new generation   total 78656K, used 75260K [0x00000000f0000000, 0x00000000f5550000, 0x00000000f5550000)
  eden space 69952K, 100% used [0x00000000f0000000, 0x00000000f4450000, 0x00000000f4450000)
  from space 8704K,  60% used [0x00000000f4450000, 0x00000000f497f0d8, 0x00000000f4cd0000)
  to   space 8704K,   0% used [0x00000000f4cd0000, 0x00000000f4cd0000, 0x00000000f5550000)
 tenured generation   total 174784K, used 32288K [0x00000000f5550000, 0x0000000100000000, 0x0000000100000000)
   the space 174784K,  18% used [0x00000000f5550000, 0x00000000f74d8268, 0x00000000f74d8400, 0x0000000100000000)
 Metaspace       used 76162K, committed 76992K, reserved 290816K
  class space    used 9985K, committed 10368K, reserved 159744K
}
Event: 14.698 GC heap after
{Heap after GC invocations=25 (full 4):
 def new generation   total 78656K, used 3683K [0x00000000f0000000, 0x00000000f5550000, 0x00000000f5550000)
  eden space 69952K,   0% used [0x00000000f0000000, 0x00000000f0000000, 0x00000000f4450000)
  from space 8704K,  42% used [0x00000000f4cd0000, 0x00000000f5068fc8, 0x00000000f5550000)
  to   space 8704K,   0% used [0x00000000f4450000, 0x00000000f4450000, 0x00000000f4cd0000)
 tenured generation   total 174784K, used 34620K [0x00000000f5550000, 0x0000000100000000, 0x0000000100000000)
   the space 174784K,  19% used [0x00000000f5550000, 0x00000000f771f1d0, 0x00000000f771f200, 0x0000000100000000)
 Metaspace       used 76162K, committed 76992K, reserved 290816K
  class space    used 9985K, committed 10368K, reserved 159744K
}
Event: 15.301 GC heap before
{Heap before GC invocations=25 (full 4):
 def new generation   total 78656K, used 73635K [0x00000000f0000000, 0x00000000f5550000, 0x00000000f5550000)
  eden space 69952K, 100% used [0x00000000f0000000, 0x00000000f4450000, 0x00000000f4450000)
  from space 8704K,  42% used [0x00000000f4cd0000, 0x00000000f5068fc8, 0x00000000f5550000)
  to   space 8704K,   0% used [0x00000000f4450000, 0x00000000f4450000, 0x00000000f4cd0000)
 tenured generation   total 174784K, used 34620K [0x00000000f5550000, 0x0000000100000000, 0x0000000100000000)
   the space 174784K,  19% used [0x00000000f5550000, 0x00000000f771f1d0, 0x00000000f771f200, 0x0000000100000000)
 Metaspace       used 80138K, committed 81024K, reserved 290816K
  class space    used 10479K, committed 10880K, reserved 159744K
}
Event: 15.314 GC heap after
{Heap after GC invocations=26 (full 4):
 def new generation   total 78656K, used 5534K [0x00000000f0000000, 0x00000000f5550000, 0x00000000f5550000)
  eden space 69952K,   0% used [0x00000000f0000000, 0x00000000f0000000, 0x00000000f4450000)
  from space 8704K,  63% used [0x00000000f4450000, 0x00000000f49b7a58, 0x00000000f4cd0000)
  to   space 8704K,   0% used [0x00000000f4cd0000, 0x00000000f4cd0000, 0x00000000f5550000)
 tenured generation   total 174784K, used 34620K [0x00000000f5550000, 0x0000000100000000, 0x0000000100000000)
   the space 174784K,  19% used [0x00000000f5550000, 0x00000000f771f1d0, 0x00000000f771f200, 0x0000000100000000)
 Metaspace       used 80138K, committed 81024K, reserved 290816K
  class space    used 10479K, committed 10880K, reserved 159744K
}

