# JRE version: Java(TM) SE Runtime Environment (20.0.1+9) (build 20.0.1+9-29)
# Java VM: Java HotSpot(TM) 64-Bit Server VM (20.0.1+9-29, mixed mode, sharing, tiered, compressed oops, compressed class ptrs, serial gc, windows-amd64)
GC Precious Log:
 CardTable entry size: 512
 CPUs: 16 total, 16 available
 Memory: 16125M
 Large Page Support: Disabled
 NUMA Support: Disabled
 Compressed Oops: Enabled (32-bit)
 Heap Min Capacity: 256M
 Heap Initial Capacity: 256M
 Heap Max Capacity: 384M
 Pre-touch: Disabled
Heap:
 def new generation   total 78720K, used 40334K [0x00000000e8000000, 0x00000000ed560000, 0x00000000f0000000)
  eden space 70016K,  52% used [0x00000000e8000000, 0x00000000ea3c4180, 0x00000000ec460000)
  from space 8704K,  42% used [0x00000000ecce0000, 0x00000000ed07f6a0, 0x00000000ed560000)
  to   space 8704K,   0% used [0x00000000ec460000, 0x00000000ec460000, 0x00000000ecce0000)
 tenured generation   total 174784K, used 57964K [0x00000000f0000000, 0x00000000faab0000, 0x0000000100000000)
   the space 174784K,  33% used [0x00000000f0000000, 0x00000000f389b3b0, 0x00000000f389b400, 0x00000000faab0000)
 Metaspace       used 124352K, committed 125440K, reserved 344064K
  class space    used 16844K, committed 17344K, reserved 212992K
GC Heap History (20 events):
Event: 16.759 GC heap before
{Heap before GC invocations=31 (full 4):
 def new generation   total 78720K, used 70016K [0x00000000e8000000, 0x00000000ed560000, 0x00000000f0000000)
  eden space 70016K, 100% used [0x00000000e8000000, 0x00000000ec460000, 0x00000000ec460000)
  from space 8704K,   0% used [0x00000000ecce0000, 0x00000000ecce0000, 0x00000000ed560000)
  to   space 8704K,   0% used [0x00000000ec460000, 0x00000000ec460000, 0x00000000ecce0000)
 tenured generation   total 174784K, used 42025K [0x00000000f0000000, 0x00000000faab0000, 0x0000000100000000)
   the space 174784K,  24% used [0x00000000f0000000, 0x00000000f290a708, 0x00000000f290a800, 0x00000000faab0000)
 Metaspace       used 100481K, committed 101376K, reserved 344064K
  class space    used 13345K, committed 13760K, reserved 212992K
}
Event: 16.768 GC heap after
{Heap after GC invocations=32 (full 4):
 def new generation   total 78720K, used 5704K [0x00000000e8000000, 0x00000000ed560000, 0x00000000f0000000)
  eden space 70016K,   0% used [0x00000000e8000000, 0x00000000e8000000, 0x00000000ec460000)
  from space 8704K,  65% used [0x00000000ec460000, 0x00000000ec9f2198, 0x00000000ecce0000)
  to   space 8704K,   0% used [0x00000000ecce0000, 0x00000000ecce0000, 0x00000000ed560000)
 tenured generation   total 174784K, used 42025K [0x00000000f0000000, 0x00000000faab0000, 0x0000000100000000)
   the space 174784K,  24% used [0x00000000f0000000, 0x00000000f290a708, 0x00000000f290a800, 0x00000000faab0000)
 Metaspace       used 100481K, committed 101376K, reserved 344064K
  class space    used 13345K, committed 13760K, reserved 212992K
}
Event: 17.145 GC heap before
{Heap before GC invocations=32 (full 4):
 def new generation   total 78720K, used 75720K [0x00000000e8000000, 0x00000000ed560000, 0x00000000f0000000)
  eden space 70016K, 100% used [0x00000000e8000000, 0x00000000ec460000, 0x00000000ec460000)
  from space 8704K,  65% used [0x00000000ec460000, 0x00000000ec9f2198, 0x00000000ecce0000)
  to   space 8704K,   0% used [0x00000000ecce0000, 0x00000000ecce0000, 0x00000000ed560000)
 tenured generation   total 174784K, used 42025K [0x00000000f0000000, 0x00000000faab0000, 0x0000000100000000)
   the space 174784K,  24% used [0x00000000f0000000, 0x00000000f290a708, 0x00000000f290a800, 0x00000000faab0000)
 Metaspace       used 102987K, committed 103872K, reserved 344064K
  class space    used 13628K, committed 14016K, reserved 212992K
}
Event: 17.157 GC heap after
{Heap after GC invocations=33 (full 4):
 def new generation   total 78720K, used 3305K [0x00000000e8000000, 0x00000000ed560000, 0x00000000f0000000)
  eden space 70016K,   0% used [0x00000000e8000000, 0x00000000e8000000, 0x00000000ec460000)
  from space 8704K,  37% used [0x00000000ecce0000, 0x00000000ed01a4b8, 0x00000000ed560000)
  to   space 8704K,   0% used [0x00000000ec460000, 0x00000000ec460000, 0x00000000ecce0000)
 tenured generation   total 174784K, used 45342K [0x00000000f0000000, 0x00000000faab0000, 0x0000000100000000)
   the space 174784K,  25% used [0x00000000f0000000, 0x00000000f2c47b48, 0x00000000f2c47c00, 0x00000000faab0000)
 Metaspace       used 102987K, committed 103872K, reserved 344064K
  class space    used 13628K, committed 14016K, reserved 212992K
}
Event: 17.585 GC heap before
{Heap before GC invocations=33 (full 4):
 def new generation   total 78720K, used 73321K [0x00000000e8000000, 0x00000000ed560000, 0x00000000f0000000)
  eden space 70016K, 100% used [0x00000000e8000000, 0x00000000ec460000, 0x00000000ec460000)
  from space 8704K,  37% used [0x00000000ecce0000, 0x00000000ed01a4b8, 0x00000000ed560000)
  to   space 8704K,   0% used [0x00000000ec460000, 0x00000000ec460000, 0x00000000ecce0000)
 tenured generation   total 174784K, used 45342K [0x00000000f0000000, 0x00000000faab0000, 0x0000000100000000)
   the space 174784K,  25% used [0x00000000f0000000, 0x00000000f2c47b48, 0x00000000f2c47c00, 0x00000000faab0000)
 Metaspace       used 106760K, committed 107648K, reserved 344064K
  class space    used 14404K, committed 14784K, reserved 212992K
}
Event: 17.594 GC heap after
{Heap after GC invocations=34 (full 4):
 def new generation   total 78720K, used 5615K [0x00000000e8000000, 0x00000000ed560000, 0x00000000f0000000)
  eden space 70016K,   0% used [0x00000000e8000000, 0x00000000e8000000, 0x00000000ec460000)
  from space 8704K,  64% used [0x00000000ec460000, 0x00000000ec9dbf00, 0x00000000ecce0000)
  to   space 8704K,   0% used [0x00000000ecce0000, 0x00000000ecce0000, 0x00000000ed560000)
 tenured generation   total 174784K, used 45342K [0x00000000f0000000, 0x00000000faab0000, 0x0000000100000000)
   the space 174784K,  25% used [0x00000000f0000000, 0x00000000f2c47b48, 0x00000000f2c47c00, 0x00000000faab0000)
 Metaspace       used 106760K, committed 107648K, reserved 344064K
  class space    used 14404K, committed 14784K, reserved 212992K
}
Event: 18.097 GC heap before
{Heap before GC invocations=34 (full 4):
 def new generation   total 78720K, used 75631K [0x00000000e8000000, 0x00000000ed560000, 0x00000000f0000000)
  eden space 70016K, 100% used [0x00000000e8000000, 0x00000000ec460000, 0x00000000ec460000)
  from space 8704K,  64% used [0x00000000ec460000, 0x00000000ec9dbf00, 0x00000000ecce0000)
  to   space 8704K,   0% used [0x00000000ecce0000, 0x00000000ecce0000, 0x00000000ed560000)
 tenured generation   total 174784K, used 45342K [0x00000000f0000000, 0x00000000faab0000, 0x0000000100000000)
   the space 174784K,  25% used [0x00000000f0000000, 0x00000000f2c47b48, 0x00000000f2c47c00, 0x00000000faab0000)
 Metaspace       used 111474K, committed 112384K, reserved 344064K
  class space    used 15145K, committed 15552K, reserved 212992K
}
Event: 18.114 GC heap after
{Heap after GC invocations=35 (full 4):
 def new generation   total 78720K, used 4949K [0x00000000e8000000, 0x00000000ed560000, 0x00000000f0000000)
  eden space 70016K,   0% used [0x00000000e8000000, 0x00000000e8000000, 0x00000000ec460000)
  from space 8704K,  56% used [0x00000000ecce0000, 0x00000000ed1b5730, 0x00000000ed560000)
  to   space 8704K,   0% used [0x00000000ec460000, 0x00000000ec460000, 0x00000000ecce0000)
 tenured generation   total 174784K, used 48275K [0x00000000f0000000, 0x00000000faab0000, 0x0000000100000000)
   the space 174784K,  27% used [0x00000000f0000000, 0x00000000f2f24c30, 0x00000000f2f24e00, 0x00000000faab0000)
 Metaspace       used 111474K, committed 112384K, reserved 344064K
  class space    used 15145K, committed 15552K, reserved 212992K
}
Event: 18.611 GC heap before
{Heap before GC invocations=35 (full 4):
 def new generation   total 78720K, used 74965K [0x00000000e8000000, 0x00000000ed560000, 0x00000000f0000000)
  eden space 70016K, 100% used [0x00000000e8000000, 0x00000000ec460000, 0x00000000ec460000)
  from space 8704K,  56% used [0x00000000ecce0000, 0x00000000ed1b5730, 0x00000000ed560000)
  to   space 8704K,   0% used [0x00000000ec460000, 0x00000000ec460000, 0x00000000ecce0000)
 tenured generation   total 174784K, used 48275K [0x00000000f0000000, 0x00000000faab0000, 0x0000000100000000)
   the space 174784K,  27% used [0x00000000f0000000, 0x00000000f2f24c30, 0x00000000f2f24e00, 0x00000000faab0000)
 Metaspace       used 113183K, committed 114112K, reserved 344064K
  class space    used 15389K, committed 15808K, reserved 212992K
}
Event: 18.630 GC heap after
{Heap after GC invocations=36 (full 4):
 def new generation   total 78720K, used 5611K [0x00000000e8000000, 0x00000000ed560000, 0x00000000f0000000)
  eden space 70016K,   0% used [0x00000000e8000000, 0x00000000e8000000, 0x00000000ec460000)
  from space 8704K,  64% used [0x00000000ec460000, 0x00000000ec9dac58, 0x00000000ecce0000)
  to   space 8704K,   0% used [0x00000000ecce0000, 0x00000000ecce0000, 0x00000000ed560000)
 tenured generation   total 174784K, used 50817K [0x00000000f0000000, 0x00000000faab0000, 0x0000000100000000)
   the space 174784K,  29% used [0x00000000f0000000, 0x00000000f31a0718, 0x00000000f31a0800, 0x00000000faab0000)
 Metaspace       used 113183K, committed 114112K, reserved 344064K
  class space    used 15389K, committed 15808K, reserved 212992K
}
Event: 19.032 GC heap before
{Heap before GC invocations=36 (full 4):
 def new generation   total 78720K, used 75627K [0x00000000e8000000, 0x00000000ed560000, 0x00000000f0000000)
  eden space 70016K, 100% used [0x00000000e8000000, 0x00000000ec460000, 0x00000000ec460000)
  from space 8704K,  64% used [0x00000000ec460000, 0x00000000ec9dac58, 0x00000000ecce0000)
  to   space 8704K,   0% used [0x00000000ecce0000, 0x00000000ecce0000, 0x00000000ed560000)
 tenured generation   total 174784K, used 50817K [0x00000000f0000000, 0x00000000faab0000, 0x0000000100000000)
   the space 174784K,  29% used [0x00000000f0000000, 0x00000000f31a0718, 0x00000000f31a0800, 0x00000000faab0000)
 Metaspace       used 114285K, committed 115264K, reserved 344064K
  class space    used 15512K, committed 15936K, reserved 212992K
}
Event: 19.045 GC heap after
{Heap after GC invocations=37 (full 4):
 def new generation   total 78720K, used 5130K [0x00000000e8000000, 0x00000000ed560000, 0x00000000f0000000)
  eden space 70016K,   0% used [0x00000000e8000000, 0x00000000e8000000, 0x00000000ec460000)
  from space 8704K,  58% used [0x00000000ecce0000, 0x00000000ed1e29c0, 0x00000000ed560000)
  to   space 8704K,   0% used [0x00000000ec460000, 0x00000000ec460000, 0x00000000ecce0000)
 tenured generation   total 174784K, used 52423K [0x00000000f0000000, 0x00000000faab0000, 0x0000000100000000)
   the space 174784K,  29% used [0x00000000f0000000, 0x00000000f3331fc0, 0x00000000f3332000, 0x00000000faab0000)
 Metaspace       used 114285K, committed 115264K, reserved 344064K
  class space    used 15512K, committed 15936K, reserved 212992K
}
Event: 19.758 GC heap before
{Heap before GC invocations=37 (full 4):
 def new generation   total 78720K, used 75146K [0x00000000e8000000, 0x00000000ed560000, 0x00000000f0000000)
  eden space 70016K, 100% used [0x00000000e8000000, 0x00000000ec460000, 0x00000000ec460000)
  from space 8704K,  58% used [0x00000000ecce0000, 0x00000000ed1e29c0, 0x00000000ed560000)
  to   space 8704K,   0% used [0x00000000ec460000, 0x00000000ec460000, 0x00000000ecce0000)
 tenured generation   total 174784K, used 52423K [0x00000000f0000000, 0x00000000faab0000, 0x0000000100000000)
   the space 174784K,  29% used [0x00000000f0000000, 0x00000000f3331fc0, 0x00000000f3332000, 0x00000000faab0000)
 Metaspace       used 116236K, committed 117248K, reserved 344064K
  class space    used 15803K, committed 16256K, reserved 212992K
}
Event: 19.775 GC heap after
{Heap after GC invocations=38 (full 4):
 def new generation   total 78720K, used 2769K [0x00000000e8000000, 0x00000000ed560000, 0x00000000f0000000)
  eden space 70016K,   0% used [0x00000000e8000000, 0x00000000e8000000, 0x00000000ec460000)
  from space 8704K,  31% used [0x00000000ec460000, 0x00000000ec7146d8, 0x00000000ecce0000)
  to   space 8704K,   0% used [0x00000000ecce0000, 0x00000000ecce0000, 0x00000000ed560000)
 tenured generation   total 174784K, used 56135K [0x00000000f0000000, 0x00000000faab0000, 0x0000000100000000)
   the space 174784K,  32% used [0x00000000f0000000, 0x00000000f36d1d58, 0x00000000f36d1e00, 0x00000000faab0000)
 Metaspace       used 116236K, committed 117248K, reserved 344064K
  class space    used 15803K, committed 16256K, reserved 212992K
}
Event: 20.459 GC heap before
{Heap before GC invocations=38 (full 4):
 def new generation   total 78720K, used 72785K [0x00000000e8000000, 0x00000000ed560000, 0x00000000f0000000)
  eden space 70016K, 100% used [0x00000000e8000000, 0x00000000ec460000, 0x00000000ec460000)
  from space 8704K,  31% used [0x00000000ec460000, 0x00000000ec7146d8, 0x00000000ecce0000)
  to   space 8704K,   0% used [0x00000000ecce0000, 0x00000000ecce0000, 0x00000000ed560000)
 tenured generation   total 174784K, used 56135K [0x00000000f0000000, 0x00000000faab0000, 0x0000000100000000)
   the space 174784K,  32% used [0x00000000f0000000, 0x00000000f36d1d58, 0x00000000f36d1e00, 0x00000000faab0000)
 Metaspace       used 119010K, committed 120064K, reserved 344064K
  class space    used 16159K, committed 16640K, reserved 212992K
}
Event: 20.469 GC heap after
{Heap after GC invocations=39 (full 4):
 def new generation   total 78720K, used 4384K [0x00000000e8000000, 0x00000000ed560000, 0x00000000f0000000)
  eden space 70016K,   0% used [0x00000000e8000000, 0x00000000e8000000, 0x00000000ec460000)
  from space 8704K,  50% used [0x00000000ecce0000, 0x00000000ed1281d8, 0x00000000ed560000)
  to   space 8704K,   0% used [0x00000000ec460000, 0x00000000ec460000, 0x00000000ecce0000)
 tenured generation   total 174784K, used 56135K [0x00000000f0000000, 0x00000000faab0000, 0x0000000100000000)
   the space 174784K,  32% used [0x00000000f0000000, 0x00000000f36d1d58, 0x00000000f36d1e00, 0x00000000faab0000)
 Metaspace       used 119010K, committed 120064K, reserved 344064K
  class space    used 16159K, committed 16640K, reserved 212992K
}
Event: 20.988 GC heap before
{Heap before GC invocations=39 (full 4):
 def new generation   total 78720K, used 74400K [0x00000000e8000000, 0x00000000ed560000, 0x00000000f0000000)
  eden space 70016K, 100% used [0x00000000e8000000, 0x00000000ec460000, 0x00000000ec460000)
  from space 8704K,  50% used [0x00000000ecce0000, 0x00000000ed1281d8, 0x00000000ed560000)
  to   space 8704K,   0% used [0x00000000ec460000, 0x00000000ec460000, 0x00000000ecce0000)
 tenured generation   total 174784K, used 56135K [0x00000000f0000000, 0x00000000faab0000, 0x0000000100000000)
   the space 174784K,  32% used [0x00000000f0000000, 0x00000000f36d1d58, 0x00000000f36d1e00, 0x00000000faab0000)
 Metaspace       used 121310K, committed 122496K, reserved 344064K
  class space    used 16479K, committed 17024K, reserved 212992K
}
Event: 21.006 GC heap after
{Heap after GC invocations=40 (full 4):
 def new generation   total 78720K, used 4942K [0x00000000e8000000, 0x00000000ed560000, 0x00000000f0000000)
  eden space 70016K,   0% used [0x00000000e8000000, 0x00000000e8000000, 0x00000000ec460000)
  from space 8704K,  56% used [0x00000000ec460000, 0x00000000ec933af0, 0x00000000ecce0000)
  to   space 8704K,   0% used [0x00000000ecce0000, 0x00000000ecce0000, 0x00000000ed560000)
 tenured generation   total 174784K, used 56535K [0x00000000f0000000, 0x00000000faab0000, 0x0000000100000000)
   the space 174784K,  32% used [0x00000000f0000000, 0x00000000f3735d30, 0x00000000f3735e00, 0x00000000faab0000)
 Metaspace       used 121310K, committed 122496K, reserved 344064K
  class space    used 16479K, committed 17024K, reserved 212992K
}
Event: 21.288 GC heap before
{Heap before GC invocations=40 (full 4):
 def new generation   total 78720K, used 74958K [0x00000000e8000000, 0x00000000ed560000, 0x00000000f0000000)
  eden space 70016K, 100% used [0x00000000e8000000, 0x00000000ec460000, 0x00000000ec460000)
  from space 8704K,  56% used [0x00000000ec460000, 0x00000000ec933af0, 0x00000000ecce0000)
  to   space 8704K,   0% used [0x00000000ecce0000, 0x00000000ecce0000, 0x00000000ed560000)
 tenured generation   total 174784K, used 56535K [0x00000000f0000000, 0x00000000faab0000, 0x0000000100000000)
   the space 174784K,  32% used [0x00000000f0000000, 0x00000000f3735d30, 0x00000000f3735e00, 0x00000000faab0000)
 Metaspace       used 122550K, committed 123648K, reserved 344064K
  class space    used 16635K, committed 17152K, reserved 212992K
}
Event: 21.301 GC heap after
{Heap after GC invocations=41 (full 4):
 def new generation   total 78720K, used 3709K [0x00000000e8000000, 0x00000000ed560000, 0x00000000f0000000)
  eden space 70016K,   0% used [0x00000000e8000000, 0x00000000e8000000, 0x00000000ec460000)
  from space 8704K,  42% used [0x00000000ecce0000, 0x00000000ed07f6a0, 0x00000000ed560000)
  to   space 8704K,   0% used [0x00000000ec460000, 0x00000000ec460000, 0x00000000ecce0000)
 tenured generation   total 174784K, used 57964K [0x00000000f0000000, 0x00000000faab0000, 0x0000000100000000)
   the space 174784K,  33% used [0x00000000f0000000, 0x00000000f389b3b0, 0x00000000f389b400, 0x00000000faab0000)
 Metaspace       used 122550K, committed 123648K, reserved 344064K
  class space    used 16635K, committed 17152K, reserved 212992K
}

